<?xml version="1.0" encoding="UTF-8"?>
<!-- Generated by org.testng.reporters.JUnitReportReporter -->
<testsuite skipped="0" hostname="DESKTOP-2JOOGSS" name="testng_package.PriceCompare" tests="1" failures="0" timestamp="01 Mar 2020 08:12:25 GMT" time="95.945" errors="0">
  <testcase name="f" time="95.945" classname="testng_package.PriceCompare"/>
</testsuite> <!-- testng_package.PriceCompare -->
